[Sun 03/30/2025 20:43:08.36] Starting application... 
[DEBUG] Debug mode enabled 
[DEBUG] Python version: 
Python 3.13.2
[DEBUG] Current directory: 
C:\Users\jorda\OneDrive\Desktop\CodeAndAi\Take3Tech\ChatOpsMVP
[DEBUG] Environment variables: 
ALLUSERSPROFILE=C:\ProgramData
AMDRMSDKPATH=C:\Program Files\AMD\RyzenMasterSDK\
APPDATA=C:\Users\jorda\AppData\Roaming
certbot=C:\Certbot
ChocolateyInstall=C:\ProgramData\chocolatey
ChocolateyLastPathUpdate=133107730505159310
CHROME_CRASHPAD_PIPE_NAME=\\.\pipe\crashpad_3580_KEGLGEHSSMEGSJKD
cmd="C:\Users\jorda\AppData\Roaming\Microsoft\Windows\Start Menu\Programs\System Tools\Command Prompt.lnk"
CommonProgramFiles=C:\Program Files\Common Files
CommonProgramFiles(x86)=C:\Program Files (x86)\Common Files
CommonProgramW6432=C:\Program Files\Common Files
COMPUTERNAME=JVB-OMEN
ComSpec=C:\WINDOWS\system32\cmd.exe
CUDA=C:\Program Files\NVIDIA GPU Computing Toolkit\CUDA\v12.6
CUDA_PATH_V12_6=C:\Program Files\NVIDIA GPU Computing Toolkit\CUDA\v12.6
CURSOR_TRACE_ID=cd8ad8cd2f47407a969cd40f1fb451dc
DEBUG_MODE=1
Docker=C:\Program Files\Docker\Docker\resources\bin
DockerPATH=C:\Program Files\Docker\Docker\resources\bin
DriverData=C:\Windows\System32\Drivers\DriverData
EFC_5976_1262719628=1
EFC_5976_1592913036=1
EFC_5976_2775293581=1
EFC_5976_3789132940=1
FPS_BROWSER_APP_PROFILE_STRING=Internet Explorer
FPS_BROWSER_USER_PROFILE_STRING=Default
gcloud=C:\Program Files (x86)\Google\Cloud SDK\google-cloud-sdk\bin
GOPATH=C:\Users\jorda\go
HOMEDRIVE=C:
HOMEPATH=\Users\jorda
LOCALAPPDATA=C:\Users\jorda\AppData\Local
LOGFILE=app_startup_20250330_204308.log
LOGONSERVER=\\JVB-OMEN
Mongo=C:\Users\jorda\OneDrive\Documents\Mongo\mongosh-1.8.0-win32-x64\bin\6.0
MSMPI_BENCHMARKS=C:\Program Files\Microsoft MPI\Benchmarks\
MSMPI_BIN=C:\Program Files\Microsoft MPI\Bin\
NUMBER_OF_PROCESSORS=16
NVM_HOME=C:\Users\jorda\AppData\Roaming\nvm
NVM_SYMLINK=C:\Program Files\nodejs
OculusBase=C:\Program Files\Oculus\
OneDrive=C:\Users\jorda\OneDrive
OneDriveConsumer=C:\Users\jorda\OneDrive
OnlineServices=Online Services
ORIGINAL_XDG_CURRENT_DESKTOP=undefined
OS=Windows_NT
packages=C:\Users\jorda\AppData\Roaming\npm
Path=C:\Program Files\WindowsApps\Microsoft.PowerShell_7.5.0.0_x64__8wekyb3d8bbwe;C:\windows\system32;C:\windows;C:\windows\System32\Wbem;C:\windows\System32\WindowsPowerShell\v1.0\;C:\windows\System32\OpenSSH\;C:\Program Files\NVIDIA Corporation\NVIDIA app\NvDLISR;C:\Program Files\Microsoft SQL Server\150\Tools\Binn\;C:\Program Files\Microsoft SQL Server\Client SDK\ODBC\170\Tools\Binn\;C:\Program Files\Docker\Docker\resources\bin;C:\Program Files\GitHub CLI\;C:\Users\jorda\AppData\Local\Microsoft\WindowsApps;C:\Users\jorda\AppData\Local\Programs\Microsoft VS Code\bin;C:\Program Files (x86)\Google\Cloud SDK\google-cloud-sdk\bin;C:\Users\jorda\AppData\Local\Programs\Python\Python313\;C:\Users\jorda\AppData\Local\Programs\Python\Python313\Scripts\;C:\Program Files\Git\cmd;C:\Ruby33-x64\bin;C:\Users\jorda\AppData\Local\Programs\Python\Python313\Scripts\;C:\Users\jorda\AppData\Local\Programs\Python\Python313\;C:\Users\jorda\AppData\Roaming\Python\Python311\Scripts;C:\Users\jorda\AppData\Local\Microsoft\WindowsApps;C:\Program Files (x86)\Google\Cloud SDK\google-cloud-sdk\bin;C:\Users\jorda\AppData\Roaming\nvm;C:\Program Files\nodejs;C:\Users\jorda\.dotnet\tools;C:\Users\jorda\AppData\Local\Programs\Microsoft VS Code\bin;C:\Users\jorda\AppData\Local\Programs\cursor\resources\app\bin
PATHEXT=.COM;.EXE;.BAT;.CMD;.VBS;.VBE;.JS;.JSE;.WSF;.WSH;.MSC;.PY;.PYW;.RB;.RBW;.CPL
platformcode=M5
playwright=C:\Users\jorda\AppData\Local\ms-playwright\
PROCESSOR_ARCHITECTURE=AMD64
PROCESSOR_IDENTIFIER=AMD64 Family 25 Model 80 Stepping 0, AuthenticAMD
PROCESSOR_LEVEL=25
PROCESSOR_REVISION=5000
ProgramData=C:\ProgramData
ProgramFiles=C:\Program Files
ProgramFiles(x86)=C:\Program Files (x86)
ProgramW6432=C:\Program Files
PROMPT=$P$G
PSModulePath=C:\Users\jorda\OneDrive\Documents\PowerShell\Modules;C:\Program Files\PowerShell\Modules;c:\program files\windowsapps\microsoft.powershell_7.5.0.0_x64__8wekyb3d8bbwe\Modules;C:\Program Files\WindowsPowerShell\Modules;C:\WINDOWS\system32\WindowsPowerShell\v1.0\Modules;C:\Program Files (x86)\Google\Cloud SDK\google-cloud-sdk\platform\PowerShell
PUBLIC=C:\Users\Public
Py=C:\Users\jorda\AppData\Roaming\Python\Python311\Scripts
RegionCode=NA
SESSIONNAME=Console
setuptoolsPython=C:\Python\setuptools
SystemDrive=C:
SystemRoot=C:\WINDOWS
TEMP=C:\Users\jorda\AppData\Local\Temp
TMP=C:\Users\jorda\AppData\Local\Temp
USERDOMAIN=JVB-OMEN
USERDOMAIN_ROAMINGPROFILE=JVB-OMEN
USERNAME=Lo
USERPROFILE=C:\Users\jorda
VBOX_HWVIRTEX_IGNORE_SVM_IN_USE=1
Webpack=C:\Users\jorda\AppData\Roaming\npm\node_modules\webpack\bin)
windir=C:\WINDOWS
WORKON_HOME=C:Envs
__PSLockDownPolicy=0
TERM_PROGRAM=vscode
TERM_PROGRAM_VERSION=0.48.1
LANG=en_US.UTF-8
COLORTERM=truecolor
GIT_ASKPASS=c:\Users\jorda\AppData\Local\Programs\cursor\resources\app\extensions\git\dist\askpass.sh
VSCODE_GIT_ASKPASS_NODE=C:\Users\jorda\AppData\Local\Programs\cursor\Cursor.exe
VSCODE_GIT_ASKPASS_EXTRA_ARGS=
VSCODE_GIT_ASKPASS_MAIN=c:\Users\jorda\AppData\Local\Programs\cursor\resources\app\extensions\git\dist\askpass-main.js
VSCODE_GIT_IPC_HANDLE=\\.\pipe\vscode-git-28761f0cbd-sock
VSCODE_INJECTION=1
[Sun 03/30/2025 20:43:08.59] Executing: python manage.py start 
No process found on port 5173
No process found on port 8000
Started backend server
Started frontend server

Servers started successfully!
Frontend running on: http://localhost:5173
Backend running on: http://localhost:8000

Press Ctrl+C to stop all servers...

Stopping servers...
Traceback (most recent call last):
  File "C:\Users\jorda\OneDrive\Desktop\CodeAndAi\Take3Tech\ChatOpsMVP\manage.py", line 90, in start_servers
    time.sleep(1)
    ~~~~~~~~~~^^^
KeyboardInterrupt

During handling of the above exception, another exception occurred:

Traceback (most recent call last):
  File "C:\Users\jorda\AppData\Local\Packages\PythonSoftwareFoundation.Python.3.13_qbz5n2kfra8p0\LocalCache\local-packages\Python313\site-packages\psutil\_pswindows.py", line 730, in wrapper
    return fun(self, *args, **kwargs)
  File "C:\Users\jorda\AppData\Local\Packages\PythonSoftwareFoundation.Python.3.13_qbz5n2kfra8p0\LocalCache\local-packages\Python313\site-packages\psutil\_pswindows.py", line 917, in kill
    return cext.proc_kill(self.pid)
           ~~~~~~~~~~~~~~^^^^^^^^^^
PermissionError: [Errno 13] assume access denied (originated from automatically set for PID 0)

During handling of the above exception, another exception occurred:

Traceback (most recent call last):
  File "C:\Users\jorda\OneDrive\Desktop\CodeAndAi\Take3Tech\ChatOpsMVP\manage.py", line 114, in <module>
    main()
    ~~~~^^
  File "C:\Users\jorda\OneDrive\Desktop\CodeAndAi\Take3Tech\ChatOpsMVP\manage.py", line 109, in main
    start_servers()
    ~~~~~~~~~~~~~^^
  File "C:\Users\jorda\OneDrive\Desktop\CodeAndAi\Take3Tech\ChatOpsMVP\manage.py", line 92, in start_servers
    stop_servers()
    ~~~~~~~~~~~~^^
  File "C:\Users\jorda\OneDrive\Desktop\CodeAndAi\Take3Tech\ChatOpsMVP\manage.py", line 97, in stop_servers
    kill_process_on_port(5173)  # Frontend
    ~~~~~~~~~~~~~~~~~~~~^^^^^^
  File "C:\Users\jorda\OneDrive\Desktop\CodeAndAi\Take3Tech\ChatOpsMVP\manage.py", line 31, in kill_process_on_port
    proc.terminate()
    ~~~~~~~~~~~~~~^^
  File "C:\Users\jorda\AppData\Local\Packages\PythonSoftwareFoundation.Python.3.13_qbz5n2kfra8p0\LocalCache\local-packages\Python313\site-packages\psutil\__init__.py", line 1294, in terminate
    self._proc.kill()
    ~~~~~~~~~~~~~~~^^
  File "C:\Users\jorda\AppData\Local\Packages\PythonSoftwareFoundation.Python.3.13_qbz5n2kfra8p0\LocalCache\local-packages\Python313\site-packages\psutil\_pswindows.py", line 732, in wrapper
    raise convert_oserror(err, pid=self.pid, name=self._name)
psutil.AccessDenied: (pid=0, name='System Idle Process')
[ERROR] Application failed to start with error code 1 
